<?xml version="1.0" encoding="UTF-8"?>
<!-- Generated by org.testng.reporters.JUnitReportReporter -->
<testsuite hostname="Anusha" failures="0" tests="1" name="interview.test" time="22.104" errors="0" timestamp="2024-10-04T18:06:05 IST" skipped="0">
  <testcase classname="interview.test" name="verifyProductOrder" time="22.104"/>
</testsuite> <!-- interview.test -->
