<?xml version="1.0" encoding="UTF-8"?>
<!-- Generated by org.testng.reporters.JUnitReportReporter -->
<testsuite hostname="Anusha" failures="0" tests="2" name="Arraysclass.sampleTest" time="0.010" errors="0" timestamp="2024-10-04T18:17:43 IST" skipped="0">
  <testcase classname="Arraysclass.sampleTest" name="t1" time="0.008"/>
  <testcase classname="Arraysclass.sampleTest" name="t2" time="0.002"/>
</testsuite> <!-- Arraysclass.sampleTest -->
